0 0.15633946950317484 sum_rule: 0.9999999999999992 0.9999999999999992
10 0.003585185654093554 sum_rule: 0.999999999999999 0.999999999999999
20 0.010084125258689996 sum_rule: 1.0000000000000036 1.0000000000000036
30 0.012610563079257722 sum_rule: 1.000000000000001 1.000000000000001
40 0.012828550896702193 sum_rule: 1.000000000000003 1.000000000000003
50 0.012805044845808414 sum_rule: 0.9999999999999991 0.9999999999999991
60 0.012930654237269353 sum_rule: 1.0000000000000018 1.0000000000000018
70 0.013136576376444564 sum_rule: 0.9999999999999996 0.9999999999999996
80 0.013386314318298483 sum_rule: 1.0000000000000024 1.0000000000000024
90 0.013652200398265698 sum_rule: 0.9999999999999986 0.9999999999999986
100 0.013918952706725836 sum_rule: 0.9999999999999969 0.9999999999999969
110 0.014179733179079201 sum_rule: 0.9999999999999986 0.9999999999999986
120 0.014430623323747158 sum_rule: 0.999999999999998 0.999999999999998
130 0.014666423167081506 sum_rule: 0.9999999999999959 0.9999999999999959
140 0.014879215849948928 sum_rule: 0.9999999999999969 0.9999999999999969
150 0.01506248451924376 sum_rule: 1.0000000000000002 1.0000000000000002
160 0.015219368550857787 sum_rule: 1.0000000000000047 1.0000000000000047
170 0.015361670644241092 sum_rule: 0.999999999999995 0.999999999999995
180 0.015488570646241581 sum_rule: 1.0000000000000004 1.0000000000000004
190 0.01558112091975302 sum_rule: 0.9999999999999983 0.9999999999999983
200 0.01564918508733934 sum_rule: 0.9999999999999977 0.9999999999999977
210 0.01570674484228836 sum_rule: 1.000000000000003 1.000000000000003
220 0.015726280626291767 sum_rule: 0.9999999999999994 0.9999999999999994
230 0.015736233275280755 sum_rule: 1.0000000000000018 1.0000000000000018
240 0.01571164222019447 sum_rule: 0.999999999999999 0.999999999999999
0 0.15267699920401503 sum_rule: 0.9999999999999992 0.9999999999999992
10 0.009813880192121873 sum_rule: 1.0000000000000013 1.0000000000000013
20 0.03946899541469104 sum_rule: 1.0000000000000002 1.0000000000000002
30 0.04784749888083054 sum_rule: 0.9999999999999981 0.9999999999999981
40 0.049126662762720125 sum_rule: 0.9999999999999986 0.9999999999999986
50 0.04995642690054533 sum_rule: 0.9999999999999989 0.9999999999999989
60 0.05066027415525162 sum_rule: 0.9999999999999998 0.9999999999999998
70 0.05118877283834822 sum_rule: 1.0000000000000007 1.0000000000000007
80 0.051512516943956026 sum_rule: 1.0000000000000016 1.0000000000000016
90 0.051616225773092925 sum_rule: 0.9999999999999997 0.9999999999999997
100 0.051491965176350754 sum_rule: 0.9999999999999999 0.9999999999999999
110 0.05114603443074837 sum_rule: 0.9999999999999983 0.9999999999999983
120 0.050589233933378164 sum_rule: 1.0000000000000013 1.0000000000000013
130 0.04983463399668471 sum_rule: 0.9999999999999974 0.9999999999999974
140 0.04889287587836967 sum_rule: 1.000000000000001 1.000000000000001
150 0.04777890948563891 sum_rule: 1.0000000000000007 1.0000000000000007
160 0.04650364772361935 sum_rule: 0.9999999999999978 0.9999999999999978
170 0.045082122378850294 sum_rule: 0.9999999999999994 0.9999999999999994
180 0.04352937179079804 sum_rule: 1.0000000000000009 1.0000000000000009
190 0.041860378310249656 sum_rule: 1.0000000000000002 1.0000000000000002
200 0.040091366011431415 sum_rule: 0.9999999999999974 0.9999999999999974
210 0.03823885579275556 sum_rule: 1.0000000000000007 1.0000000000000007
220 0.03631957497486951 sum_rule: 0.9999999999999974 0.9999999999999974
230 0.03435073286764374 sum_rule: 1.0000000000000002 1.0000000000000002
240 0.03234919212280972 sum_rule: 0.9999999999999988 0.9999999999999988
0 0.1527958374449368 sum_rule: 0.9999999999999992 0.9999999999999992
10 0.00907576664803537 sum_rule: 1.000000000000001 1.000000000000001
20 0.036181080210741484 sum_rule: 1.000000000000002 1.000000000000002
30 0.04408747725334023 sum_rule: 0.9999999999999973 0.9999999999999973
40 0.04530774924130551 sum_rule: 1.0000000000000018 1.0000000000000018
50 0.0461196439099159 sum_rule: 1.0000000000000004 1.0000000000000004
60 0.04683143914996499 sum_rule: 0.9999999999999973 0.9999999999999973
70 0.04740159679725113 sum_rule: 1.0000000000000018 1.0000000000000018
80 0.04779904870236713 sum_rule: 0.9999999999999998 0.9999999999999998
90 0.04800789027386573 sum_rule: 1.0 1.0
100 0.048020919956884525 sum_rule: 1.0 1.0
110 0.04783936400749741 sum_rule: 1.0000000000000002 1.0000000000000002
120 0.04747309866631355 sum_rule: 1.0000000000000009 1.0000000000000009
130 0.046931092938509555 sum_rule: 0.9999999999999999 0.9999999999999999
140 0.046220789258592396 sum_rule: 0.9999999999999977 0.9999999999999977
150 0.04535500579431194 sum_rule: 1.0000000000000009 1.0000000000000009
160 0.044340653220443754 sum_rule: 1.0000000000000004 1.0000000000000004
170 0.043191460269285324 sum_rule: 0.9999999999999979 0.9999999999999979
180 0.041917640840000395 sum_rule: 1.000000000000001 1.000000000000001
190 0.04053200580277014 sum_rule: 0.9999999999999988 0.9999999999999988
200 0.03904723209234587 sum_rule: 0.9999999999999981 0.9999999999999981
210 0.037476314754392934 sum_rule: 0.9999999999999996 0.9999999999999996
220 0.03583316480625245 sum_rule: 0.9999999999999981 0.9999999999999981
230 0.03413153359962029 sum_rule: 1.0000000000000002 1.0000000000000002
240 0.032385407368905356 sum_rule: 0.9999999999999993 0.9999999999999993
0 0.15294771232311968 sum_rule: 0.9999999999999992 0.9999999999999992
10 0.00831933389271046 sum_rule: 1.0000000000000004 1.0000000000000004
20 0.032695583109305384 sum_rule: 0.9999999999999998 0.9999999999999998
30 0.04013880018930784 sum_rule: 1.000000000000001 1.000000000000001
40 0.04129557803775414 sum_rule: 0.9999999999999998 0.9999999999999998
50 0.04207180614989871 sum_rule: 1.0000000000000013 1.0000000000000013
60 0.04277385639302253 sum_rule: 0.9999999999999999 0.9999999999999999
70 0.043366849837053634 sum_rule: 0.9999999999999993 0.9999999999999993
80 0.04382098627783933 sum_rule: 0.9999999999999978 0.9999999999999978
90 0.04411635518884821 sum_rule: 0.9999999999999964 0.9999999999999964
100 0.044246182298442745 sum_rule: 1.000000000000004 1.000000000000004
110 0.044212378066536946 sum_rule: 1.0000000000000004 1.0000000000000004
120 0.04401804246884664 sum_rule: 1.0000000000000036 1.0000000000000036
130 0.04367061822996516 sum_rule: 1.0000000000000004 1.0000000000000004
140 0.04317721396241864 sum_rule: 0.999999999999999 0.999999999999999
150 0.042543193223365285 sum_rule: 1.0000000000000004 1.0000000000000004
160 0.04177876549893273 sum_rule: 1.0000000000000004 1.0000000000000004
170 0.04089024229592689 sum_rule: 0.999999999999997 0.999999999999997
180 0.03988680999334175 sum_rule: 1.0000000000000009 1.0000000000000009
190 0.03877874493855936 sum_rule: 0.9999999999999984 0.9999999999999984
200 0.03757558998799301 sum_rule: 0.999999999999996 0.999999999999996
210 0.03628692474102451 sum_rule: 0.9999999999999987 0.9999999999999987
220 0.0349241442325564 sum_rule: 0.9999999999999969 0.9999999999999969
230 0.03349783587523605 sum_rule: 1.0 1.0
240 0.03201927515020194 sum_rule: 0.9999999999999996 0.9999999999999996
0 0.15430267047060475 sum_rule: 0.9999999999999992 0.9999999999999992
10 0.005323580358859562 sum_rule: 1.0000000000000022 1.0000000000000022
20 0.01767700447811161 sum_rule: 0.9999999999999989 0.9999999999999989
30 0.02239126467950681 sum_rule: 1.0000000000000056 1.0000000000000056
40 0.02311328215972719 sum_rule: 1.0000000000000022 1.0000000000000022
50 0.023512852833780573 sum_rule: 0.9999999999999988 0.9999999999999988
60 0.02394248329455166 sum_rule: 0.9999999999999988 0.9999999999999988
70 0.024386685720945815 sum_rule: 1.0000000000000009 1.0000000000000009
80 0.024826577111109742 sum_rule: 0.9999999999999993 0.9999999999999993
90 0.025235084153913907 sum_rule: 1.0000000000000002 1.0000000000000002
100 0.025587639613526128 sum_rule: 1.0000000000000049 1.0000000000000049
110 0.02589010004919239 sum_rule: 0.9999999999999988 0.9999999999999988
120 0.026133279986899155 sum_rule: 1.0000000000000029 1.0000000000000029
130 0.026320844368030352 sum_rule: 0.999999999999996 0.999999999999996
140 0.026443956286938443 sum_rule: 0.9999999999999978 0.9999999999999978
150 0.026508885275602363 sum_rule: 0.9999999999999954 0.9999999999999954
160 0.026516914333765722 sum_rule: 0.9999999999999993 0.9999999999999993
170 0.026467503806337722 sum_rule: 0.9999999999999998 0.9999999999999998
180 0.02635841590489383 sum_rule: 0.999999999999999 0.999999999999999
190 0.026199006183748687 sum_rule: 0.9999999999999994 0.9999999999999994
200 0.025982275633014012 sum_rule: 0.9999999999999983 0.9999999999999983
210 0.025716116618946964 sum_rule: 0.9999999999999999 0.9999999999999999
220 0.025400503832822385 sum_rule: 0.9999999999999979 0.9999999999999979
230 0.025037473269454137 sum_rule: 1.0000000000000007 1.0000000000000007
240 0.024630828176929624 sum_rule: 0.9999999999999994 0.9999999999999994
0 0.15508951033827473 sum_rule: 0.9999999999999992 0.9999999999999992
10 0.004507540447878238 sum_rule: 1.000000000000003 1.000000000000003
20 0.01386758865727648 sum_rule: 0.999999999999998 0.999999999999998
30 0.01754546142777932 sum_rule: 1.0000000000000016 1.0000000000000016
40 0.018020029878896164 sum_rule: 1.000000000000001 1.000000000000001
50 0.01823956992380299 sum_rule: 0.9999999999999996 0.9999999999999996
60 0.01853378283670958 sum_rule: 0.9999999999999967 0.9999999999999967
70 0.018888667621956824 sum_rule: 1.0000000000000038 1.0000000000000038
80 0.01923673720835901 sum_rule: 0.9999999999999974 0.9999999999999974
90 0.019600088140979046 sum_rule: 1.0000000000000036 1.0000000000000036
100 0.019936554048011278 sum_rule: 0.9999999999999993 0.9999999999999993
110 0.02023289072855733 sum_rule: 1.0000000000000027 1.0000000000000027
120 0.020500012346899334 sum_rule: 0.9999999999999999 0.9999999999999999
130 0.020733084320627232 sum_rule: 0.9999999999999988 0.9999999999999988
140 0.020926266879937004 sum_rule: 1.0000000000000004 1.0000000000000004
150 0.02107833055610639 sum_rule: 1.000000000000003 1.000000000000003
160 0.02118944861882665 sum_rule: 1.000000000000005 1.000000000000005
170 0.021260668339972973 sum_rule: 0.9999999999999948 0.9999999999999948
180 0.02129569033058016 sum_rule: 1.0000000000000018 1.0000000000000018
190 0.02129404284660691 sum_rule: 0.9999999999999993 0.9999999999999993
200 0.021246819332401457 sum_rule: 1.000000000000005 1.000000000000005
210 0.021169067592544433 sum_rule: 0.9999999999999993 0.9999999999999993
220 0.02104819125359969 sum_rule: 1.0 1.0
230 0.0208969813030503 sum_rule: 0.9999999999999997 0.9999999999999997
240 0.02070995611376995 sum_rule: 1.0000000000000013 1.0000000000000013
0 0.15847662799299866 sum_rule: 0.9999999999999992 0.9999999999999992
10 0.002472864874300717 sum_rule: 0.9999999999999991 0.9999999999999991
20 0.006447730882966685 sum_rule: 1.0000000000000007 1.0000000000000007
30 0.007790735514631572 sum_rule: 1.000000000000004 1.000000000000004
40 0.007664333118608481 sum_rule: 0.9999999999999939 0.9999999999999939
50 0.007428587746611249 sum_rule: 0.9999999999999981 0.9999999999999981
60 0.007332804960652008 sum_rule: 0.9999999999999962 0.9999999999999962
70 0.007341571672931507 sum_rule: 1.0000000000000009 1.0000000000000009
80 0.0074772550489371654 sum_rule: 0.9999999999999971 0.9999999999999971
90 0.007605706547124498 sum_rule: 1.0000000000000009 1.0000000000000009
100 0.007787185480617156 sum_rule: 1.0000000000000004 1.0000000000000004
110 0.007959875323599415 sum_rule: 0.9999999999999977 0.9999999999999977
120 0.0081328029433207 sum_rule: 1.0000000000000009 1.0000000000000009
130 0.008314998282485374 sum_rule: 0.9999999999999992 0.9999999999999992
140 0.008470086872875055 sum_rule: 1.000000000000001 1.000000000000001
150 0.00864432985901539 sum_rule: 0.9999999999999928 0.9999999999999928
160 0.008781779879170313 sum_rule: 1.0000000000000002 1.0000000000000002
170 0.008940242515999295 sum_rule: 1.0000000000000009 1.0000000000000009
180 0.009060106849594999 sum_rule: 0.999999999999999 0.999999999999999
190 0.009199830426713691 sum_rule: 1.0000000000000022 1.0000000000000022
200 0.009300909405829763 sum_rule: 1.0000000000000038 1.0000000000000038
210 0.00942131910873592 sum_rule: 0.9999999999999954 0.9999999999999954
220 0.009501730862106896 sum_rule: 1.0 1.0
230 0.009602981243253107 sum_rule: 1.0000000000000033 1.0000000000000033
240 0.0096617398617745 sum_rule: 0.9999999999999999 0.9999999999999999
0 0.16248146108985023 sum_rule: 0.9999999999999992 0.9999999999999992
10 0.001272335660509717 sum_rule: 1.0 1.0
20 0.0030888120824133797 sum_rule: 1.000000000000002 1.000000000000002
30 0.003448085261360743 sum_rule: 0.9999999999999991 0.9999999999999991
40 0.0029903007157859995 sum_rule: 0.9999999999999976 0.9999999999999976
50 0.0026043241241656386 sum_rule: 0.999999999999997 0.999999999999997
60 0.0023165125425669494 sum_rule: 1.000000000000004 1.000000000000004
70 0.0021941254608108703 sum_rule: 1.000000000000002 1.000000000000002
80 0.002165399329026563 sum_rule: 0.9999999999999966 0.9999999999999966
90 0.0021869445647028723 sum_rule: 0.9999999999999984 0.9999999999999984
100 0.0022366864619962293 sum_rule: 1.0000000000000022 1.0000000000000022
110 0.002302670634571136 sum_rule: 0.9999999999999989 0.9999999999999989
120 0.002377151617038272 sum_rule: 1.0000000000000013 1.0000000000000013
130 0.0024534060759324908 sum_rule: 1.0000000000000038 1.0000000000000038
140 0.0025248208369571105 sum_rule: 1.0000000000000102 1.0000000000000102
150 0.0025867580908322655 sum_rule: 1.000000000000002 1.000000000000002
160 0.0026402892193100242 sum_rule: 1.000000000000002 1.000000000000002
170 0.0026938248082242133 sum_rule: 0.9999999999999974 0.9999999999999974
180 0.002758974202513235 sum_rule: 0.9999999999999997 0.9999999999999997
190 0.0028416973368013635 sum_rule: 1.0000000000000009 1.0000000000000009
200 0.002933372446132153 sum_rule: 0.9999999999999983 0.9999999999999983
210 0.0030117509341448245 sum_rule: 0.9999999999999967 0.9999999999999967
220 0.0030633178436833067 sum_rule: 0.9999999999999969 0.9999999999999969
230 0.003105468098133183 sum_rule: 0.9999999999999998 0.9999999999999998
240 0.003168099044554642 sum_rule: 0.9999999999999994 0.9999999999999994
0 0.1707452700019204 sum_rule: 0.9999999999999992 0.9999999999999992
10 0.0005280307178804056 sum_rule: 0.9999999999999961 0.9999999999999961
20 0.0005082843126537225 sum_rule: 0.9999999999999996 0.9999999999999996
30 0.0003770021807027392 sum_rule: 1.0000000000000022 1.0000000000000022
40 0.0001477890035387926 sum_rule: 0.9999999999999991 0.9999999999999991
50 2.7204862351558853e-05 sum_rule: 1.000000000000004 1.000000000000004
60 5.598243875412432e-06 sum_rule: 1.0000000000000002 1.0000000000000002
70 2.2303324042412935e-05 sum_rule: 1.000000000000001 1.000000000000001
80 5.729786256128733e-05 sum_rule: 1.0 1.0
90 8.78186175028327e-05 sum_rule: 0.9999999999999984 0.9999999999999984
100 8.475918026256119e-05 sum_rule: 1.0000000000000053 1.0000000000000053
110 7.720128853839909e-05 sum_rule: 1.0000000000000007 1.0000000000000007
120 0.00010053415459255926 sum_rule: 0.999999999999996 0.999999999999996
130 0.00012100092918446731 sum_rule: 0.9999999999999999 0.9999999999999999
140 0.00010148798027628454 sum_rule: 1.0000000000000033 1.0000000000000033
150 0.00010216961207948549 sum_rule: 1.0000000000000024 1.0000000000000024
160 0.00013458522159234717 sum_rule: 1.0000000000000036 1.0000000000000036
170 0.00012045517182823805 sum_rule: 1.000000000000002 1.000000000000002
180 0.00011574800439404073 sum_rule: 1.000000000000002 1.000000000000002
190 0.00014824195003943023 sum_rule: 1.0000000000000022 1.0000000000000022
200 0.00012723299574711938 sum_rule: 0.9999999999999925 0.9999999999999925
210 0.00014504144955151791 sum_rule: 0.9999999999999981 0.9999999999999981
220 0.00014927916916352874 sum_rule: 0.9999999999999982 0.9999999999999982
230 0.00014930221772439746 sum_rule: 1.0000000000000009 1.0000000000000009
240 0.00015844888209008825 sum_rule: 0.9999999999999944 0.9999999999999944
0 0.152277585690826 sum_rule: 0.9999999999999992 0.9999999999999992
10 0.013344292566362357 sum_rule: 0.9999999999999968 0.9999999999999968
20 0.056942743916396935 sum_rule: 0.9999999999999998 0.9999999999999998
30 0.0700799043822452 sum_rule: 0.9999999999999993 0.9999999999999993
40 0.07151268820487858 sum_rule: 0.9999999999999987 0.9999999999999987
50 0.07216024933040849 sum_rule: 1.0000000000000016 1.0000000000000016
60 0.0724326478511117 sum_rule: 0.9999999999999983 0.9999999999999983
70 0.07226377730263933 sum_rule: 0.9999999999999999 0.9999999999999999
80 0.07166263511674745 sum_rule: 1.0000000000000013 1.0000000000000013
90 0.07062980250282408 sum_rule: 0.9999999999999982 0.9999999999999982
100 0.06917289918071012 sum_rule: 0.9999999999999967 0.9999999999999967
110 0.06732190477482569 sum_rule: 1.0 1.0
120 0.06511344606952828 sum_rule: 0.9999999999999992 0.9999999999999992
130 0.06258550806618798 sum_rule: 0.9999999999999998 0.9999999999999998
140 0.059777173608494175 sum_rule: 1.0000000000000004 1.0000000000000004
150 0.056729341358418464 sum_rule: 1.0000000000000009 1.0000000000000009
160 0.05348464231295761 sum_rule: 0.9999999999999998 0.9999999999999998
170 0.05008753868578929 sum_rule: 0.9999999999999991 0.9999999999999991
180 0.04658366957581927 sum_rule: 1.0000000000000022 1.0000000000000022
190 0.043019184089807226 sum_rule: 1.0 1.0
200 0.03943993040338261 sum_rule: 0.9999999999999994 0.9999999999999994
210 0.035890440798854756 sum_rule: 0.9999999999999996 0.9999999999999996
220 0.03241297204506621 sum_rule: 0.9999999999999969 0.9999999999999969
230 0.0290464417989342 sum_rule: 1.000000000000001 1.000000000000001
240 0.025825477508709296 sum_rule: 0.9999999999999998 0.9999999999999998
0 0.15230938652213205 sum_rule: 0.9999999999999992 0.9999999999999992
10 0.012996083998339018 sum_rule: 0.9999999999999973 0.9999999999999973
20 0.05467664038493986 sum_rule: 1.0000000000000016 1.0000000000000016
30 0.06728638780975825 sum_rule: 1.0000000000000018 1.0000000000000018
40 0.06870910886636042 sum_rule: 1.0000000000000009 1.0000000000000009
50 0.06941175527116203 sum_rule: 1.0000000000000024 1.0000000000000024
60 0.06978164763886834 sum_rule: 0.999999999999999 0.999999999999999
70 0.06974554180180693 sum_rule: 0.9999999999999994 0.9999999999999994
80 0.06930924295996901 sum_rule: 0.9999999999999983 0.9999999999999983
90 0.06846991140112657 sum_rule: 0.9999999999999991 0.9999999999999991
100 0.06723187954271016 sum_rule: 1.0000000000000018 1.0000000000000018
110 0.06562147785876263 sum_rule: 0.9999999999999981 0.9999999999999981
120 0.06367154998315916 sum_rule: 1.0000000000000022 1.0000000000000022
130 0.061415559851056595 sum_rule: 0.9999999999999993 0.9999999999999993
140 0.05888787734736034 sum_rule: 0.9999999999999999 0.9999999999999999
150 0.05612424755103018 sum_rule: 0.9999999999999988 0.9999999999999988
160 0.05316228311319199 sum_rule: 1.0000000000000004 1.0000000000000004
170 0.05004108119416431 sum_rule: 0.9999999999999991 0.9999999999999991
180 0.04680097676923686 sum_rule: 1.0000000000000016 1.0000000000000016
190 0.043483006891175666 sum_rule: 0.9999999999999999 0.9999999999999999
200 0.04012831470015097 sum_rule: 0.9999999999999974 0.9999999999999974
210 0.03677727057582905 sum_rule: 1.0000000000000024 1.0000000000000024
220 0.033468756501543004 sum_rule: 0.9999999999999979 0.9999999999999979
230 0.030239224892533913 sum_rule: 1.0000000000000004 1.0000000000000004
240 0.027121927633462054 sum_rule: 0.9999999999999994 0.9999999999999994
0 0.15217912930316188 sum_rule: 0.9999999999999992 0.9999999999999992
10 0.015429498747704481 sum_rule: 0.9999999999999996 0.9999999999999996
20 0.06673891794979206 sum_rule: 0.9999999999999983 0.9999999999999983
30 0.08166532314475924 sum_rule: 0.9999999999999984 0.9999999999999984
40 0.08293186255098388 sum_rule: 1.000000000000001 1.000000000000001
50 0.08319399760442951 sum_rule: 1.0000000000000009 1.0000000000000009
60 0.08293238466727555 sum_rule: 0.9999999999999998 0.9999999999999998
70 0.0820774994468344 sum_rule: 0.999999999999998 0.999999999999998
80 0.08064147274995608 sum_rule: 0.9999999999999972 0.9999999999999972
90 0.07865083584294519 sum_rule: 1.0000000000000027 1.0000000000000027
100 0.07613422122104872 sum_rule: 1.000000000000001 1.000000000000001
110 0.07313796773486336 sum_rule: 0.9999999999999986 0.9999999999999986
120 0.0697190956733345 sum_rule: 1.0000000000000029 1.0000000000000029
130 0.06593885992499159 sum_rule: 0.9999999999999974 0.9999999999999974
140 0.0618617946605851 sum_rule: 0.999999999999999 0.999999999999999
150 0.057555524115210546 sum_rule: 1.0000000000000016 1.0000000000000016
160 0.0530903598493195 sum_rule: 1.000000000000001 1.000000000000001
170 0.04853806628381442 sum_rule: 0.9999999999999992 0.9999999999999992
180 0.04397045279739148 sum_rule: 1.000000000000003 1.000000000000003
190 0.03945743681221576 sum_rule: 0.9999999999999999 0.9999999999999999
200 0.03506496701396906 sum_rule: 0.9999999999999979 0.9999999999999979
210 0.030852932997329836 sum_rule: 1.0000000000000013 1.0000000000000013
220 0.02687318280669845 sum_rule: 0.9999999999999986 0.9999999999999986
230 0.023167894419692824 sum_rule: 1.0000000000000016 1.0000000000000016
240 0.019768445251158073 sum_rule: 0.9999999999999992 0.9999999999999992
0 0.15239046285034763 sum_rule: 0.9999999999999992 0.9999999999999992
10 0.012217245326900848 sum_rule: 0.9999999999999991 0.9999999999999991
20 0.050146075667661806 sum_rule: 0.9999999999999977 0.9999999999999977
30 0.061314995201710715 sum_rule: 0.9999999999999973 0.9999999999999973
40 0.0627386770852955 sum_rule: 0.999999999999999 0.999999999999999
50 0.06352018172320362 sum_rule: 1.000000000000002 1.000000000000002
60 0.06405523700385898 sum_rule: 0.9999999999999983 0.9999999999999983
70 0.06426012001356755 sum_rule: 0.999999999999999 0.999999999999999
80 0.06412696021268752 sum_rule: 0.9999999999999993 0.9999999999999993
90 0.06364909289929821 sum_rule: 0.9999999999999981 0.9999999999999981
100 0.06282585490436313 sum_rule: 1.0000000000000009 1.0000000000000009
110 0.061676735633073555 sum_rule: 0.9999999999999994 0.9999999999999994
120 0.060226974189793225 sum_rule: 0.9999999999999991 0.9999999999999991
130 0.0585019919816106 sum_rule: 1.0000000000000007 1.0000000000000007
140 0.05652763242487263 sum_rule: 1.0000000000000022 1.0000000000000022
150 0.05433082879196946 sum_rule: 1.0 1.0
160 0.051939667478073076 sum_rule: 1.0000000000000002 1.0000000000000002
170 0.049383339010792476 sum_rule: 0.9999999999999993 0.9999999999999993
180 0.04669260893466198 sum_rule: 1.0000000000000027 1.0000000000000027
190 0.043898913373898715 sum_rule: 1.0000000000000002 1.0000000000000002
200 0.04103416183515784 sum_rule: 0.9999999999999981 0.9999999999999981
210 0.03813031939343424 sum_rule: 1.0 1.0
220 0.035218876078592816 sum_rule: 0.9999999999999967 0.9999999999999967
230 0.03233033680629797 sum_rule: 1.0000000000000013 1.0000000000000013
240 0.029493598737100994 sum_rule: 1.0000000000000007 1.0000000000000007
0 0.15234658243316287 sum_rule: 0.9999999999999992 0.9999999999999992
10 0.01262915208612414 sum_rule: 0.9999999999999977 0.9999999999999977
20 0.05241232619751112 sum_rule: 0.9999999999999994 0.9999999999999994
30 0.06435945088299583 sum_rule: 0.9999999999999982 0.9999999999999982
40 0.06578417499569625 sum_rule: 1.0000000000000029 1.0000000000000029
50 0.06653219600232194 sum_rule: 0.9999999999999996 0.9999999999999996
60 0.0669911402638475 sum_rule: 1.0000000000000009 1.0000000000000009
70 0.06708027145223373 sum_rule: 1.0 1.0
80 0.06680031755866571 sum_rule: 0.9999999999999974 0.9999999999999974
90 0.06614648390589514 sum_rule: 1.000000000000002 1.000000000000002
100 0.06512009952062747 sum_rule: 1.0000000000000022 1.0000000000000022
110 0.06374419169147136 sum_rule: 1.0000000000000007 1.0000000000000007
120 0.06204763641092757 sum_rule: 1.0 1.0
130 0.060059771453930474 sum_rule: 0.9999999999999984 0.9999999999999984
140 0.05781054100783668 sum_rule: 1.0000000000000004 1.0000000000000004
150 0.05533114814300548 sum_rule: 0.9999999999999993 0.9999999999999993
160 0.05265424691172193 sum_rule: 0.999999999999999 0.999999999999999
170 0.04981383744544879 sum_rule: 0.9999999999999991 0.9999999999999991
180 0.046845273495473246 sum_rule: 1.000000000000001 1.000000000000001
190 0.04378478386844802 sum_rule: 0.9999999999999977 0.9999999999999977
200 0.04066871723345644 sum_rule: 0.9999999999999979 0.9999999999999979
210 0.03753328134503346 sum_rule: 1.0000000000000016 1.0000000000000016
220 0.034413765159766734 sum_rule: 0.9999999999999966 0.9999999999999966
230 0.031343757452457655 sum_rule: 1.0000000000000002 1.0000000000000002
240 0.028354576897964945 sum_rule: 0.9999999999999986 0.9999999999999986
0 0.1525056408525938 sum_rule: 0.9999999999999992 0.9999999999999992
10 0.011160030194295255 sum_rule: 1.0000000000000009 1.0000000000000009
20 0.045285644146092444 sum_rule: 0.9999999999999997 0.9999999999999997
30 0.0548604994593739 sum_rule: 0.9999999999999952 0.9999999999999952
40 0.05624078591805162 sum_rule: 1.0000000000000009 1.0000000000000009
50 0.057065795221042076 sum_rule: 0.9999999999999988 0.9999999999999988
60 0.057709817934706364 sum_rule: 1.0000000000000018 1.0000000000000018
70 0.05810821546771504 sum_rule: 1.0000000000000002 1.0000000000000002
80 0.058234298571970614 sum_rule: 1.0000000000000002 1.0000000000000002
90 0.05807491947201688 sum_rule: 0.9999999999999994 0.9999999999999994
100 0.05762694533947496 sum_rule: 1.0000000000000024 1.0000000000000024
110 0.056903275185662475 sum_rule: 1.0000000000000002 1.0000000000000002
120 0.05592226463620897 sum_rule: 0.9999999999999986 0.9999999999999986
130 0.054702192332116664 sum_rule: 1.0000000000000002 1.0000000000000002
140 0.05326147747355506 sum_rule: 1.0000000000000002 1.0000000000000002
150 0.05161886594075345 sum_rule: 0.9999999999999996 0.9999999999999996
160 0.04979496158334498 sum_rule: 1.0000000000000007 1.0000000000000007
170 0.04781031384509275 sum_rule: 0.9999999999999987 0.9999999999999987
180 0.045687550108151995 sum_rule: 1.000000000000001 1.000000000000001
190 0.04344903108362538 sum_rule: 1.0 1.0
200 0.041118358287114104 sum_rule: 0.9999999999999967 0.9999999999999967
210 0.03871938492291967 sum_rule: 1.0 1.0
220 0.0362761041979712 sum_rule: 0.9999999999999989 0.9999999999999989
230 0.033812184092784595 sum_rule: 1.0000000000000013 1.0000000000000013
240 0.03135082497888995 sum_rule: 1.0 1.0
0 0.15244272541404158 sum_rule: 0.9999999999999992 0.9999999999999992
10 0.01173032744419204 sum_rule: 0.9999999999999992 0.9999999999999992
20 0.04780401750049645 sum_rule: 0.9999999999999999 0.9999999999999999
30 0.058150450210469454 sum_rule: 0.9999999999999991 0.9999999999999991
40 0.05956118550561158 sum_rule: 0.9999999999999988 0.9999999999999988
50 0.06036849764940882 sum_rule: 0.9999999999999991 0.9999999999999991
60 0.06096459801186213 sum_rule: 1.0000000000000004 1.0000000000000004
70 0.06127390388677879 sum_rule: 1.0000000000000004 1.0000000000000004
80 0.061276384941954656 sum_rule: 0.9999999999999994 0.9999999999999994
90 0.06096373861055995 sum_rule: 0.9999999999999971 0.9999999999999971
100 0.06033374907907495 sum_rule: 0.9999999999999961 0.9999999999999961
110 0.059402457541765145 sum_rule: 0.9999999999999969 0.9999999999999969
120 0.05819180118518845 sum_rule: 1.0000000000000007 1.0000000000000007
130 0.05672330614532765 sum_rule: 1.0000000000000004 1.0000000000000004
140 0.05501888013677922 sum_rule: 1.0000000000000016 1.0000000000000016
150 0.05310156794679734 sum_rule: 0.999999999999998 0.999999999999998
160 0.050995321751811706 sum_rule: 0.9999999999999991 0.9999999999999991
170 0.04872481551674183 sum_rule: 0.9999999999999996 0.9999999999999996
180 0.04631668871826208 sum_rule: 1.0000000000000029 1.0000000000000029
190 0.0437976202853753 sum_rule: 1.0 1.0
200 0.041195262626716 sum_rule: 0.9999999999999976 0.9999999999999976
210 0.038537501981007624 sum_rule: 1.000000000000002 1.000000000000002
220 0.035851990870205436 sum_rule: 0.999999999999998 0.999999999999998
230 0.03316594233745826 sum_rule: 0.9999999999999999 0.9999999999999999
240 0.030505472899514142 sum_rule: 0.9999999999999981 0.9999999999999981
0 0.1525823007473323 sum_rule: 0.9999999999999992 0.9999999999999992
10 0.010515239882249434 sum_rule: 1.0000000000000007 1.0000000000000007
20 0.0425134499877282 sum_rule: 0.9999999999999998 0.9999999999999998
30 0.05143214710326453 sum_rule: 1.0000000000000002 1.0000000000000002
40 0.05276532729557809 sum_rule: 0.9999999999999969 0.9999999999999969
50 0.05360067754889736 sum_rule: 0.9999999999999967 0.9999999999999967
60 0.05428064475531315 sum_rule: 1.0000000000000038 1.0000000000000038
70 0.05475092717347379 sum_rule: 0.9999999999999999 0.9999999999999999
80 0.05498493053002619 sum_rule: 0.9999999999999996 0.9999999999999996
90 0.054965262990975094 sum_rule: 1.0000000000000013 1.0000000000000013
100 0.054686628164084976 sum_rule: 1.0000000000000002 1.0000000000000002
110 0.05415858615399116 sum_rule: 0.9999999999999989 0.9999999999999989
120 0.05339624228933866 sum_rule: 0.9999999999999957 0.9999999999999957
130 0.052414559665006875 sum_rule: 1.0000000000000016 1.0000000000000016
140 0.05122919415879651 sum_rule: 0.9999999999999986 0.9999999999999986
150 0.04985503938761732 sum_rule: 0.9999999999999987 0.9999999999999987
160 0.04830893325094854 sum_rule: 0.9999999999999989 0.9999999999999989
170 0.04660805485258075 sum_rule: 0.9999999999999982 0.9999999999999982
180 0.044771283764480654 sum_rule: 0.9999999999999999 0.9999999999999999
190 0.042816976290678384 sum_rule: 0.999999999999999 0.999999999999999
200 0.04076507017660573 sum_rule: 0.9999999999999983 0.9999999999999983
210 0.0386354118519681 sum_rule: 1.0000000000000002 1.0000000000000002
220 0.03644834312564867 sum_rule: 0.9999999999999967 0.9999999999999967
230 0.034224339962511764 sum_rule: 1.0000000000000024 1.0000000000000024
240 0.031983394961262956 sum_rule: 1.0000000000000004 1.0000000000000004
0 0.15212265699054123 sum_rule: 0.9999999999999992 0.9999999999999992
10 0.017813061261040465 sum_rule: 0.9999999999999989 0.9999999999999989
20 0.07565360568101523 sum_rule: 0.999999999999999 0.999999999999999
30 0.09171727038705502 sum_rule: 0.999999999999998 0.999999999999998
40 0.09263533746228589 sum_rule: 1.0000000000000013 1.0000000000000013
50 0.09240441152665628 sum_rule: 1.0000000000000024 1.0000000000000024
60 0.09149788040468822 sum_rule: 1.0 1.0
70 0.08984696000682932 sum_rule: 1.0000000000000022 1.0000000000000022
80 0.08747521540435584 sum_rule: 0.9999999999999983 0.9999999999999983
90 0.0844337506950604 sum_rule: 0.9999999999999989 0.9999999999999989
100 0.08077893890123522 sum_rule: 1.0000000000000002 1.0000000000000002
110 0.07658006149515845 sum_rule: 0.9999999999999983 0.9999999999999983
120 0.07192028858218627 sum_rule: 1.0000000000000022 1.0000000000000022
130 0.0668909064046829 sum_rule: 1.0000000000000009 1.0000000000000009
140 0.06158882586430321 sum_rule: 1.0000000000000007 1.0000000000000007
150 0.05611510482633657 sum_rule: 0.9999999999999997 0.9999999999999997
160 0.05057292329533346 sum_rule: 1.0000000000000013 1.0000000000000013
170 0.045064704564344825 sum_rule: 0.9999999999999989 0.9999999999999989
180 0.03968859094269661 sum_rule: 1.000000000000001 1.000000000000001
190 0.034534656511666414 sum_rule: 0.9999999999999996 0.9999999999999996
200 0.029681223888103882 sum_rule: 0.9999999999999993 0.9999999999999993
210 0.02519170000148722 sum_rule: 1.0000000000000016 1.0000000000000016
220 0.02111232603035254 sum_rule: 0.9999999999999991 0.9999999999999991
230 0.017471073554325797 sum_rule: 1.000000000000002 1.000000000000002
240 0.014277853652585874 sum_rule: 0.9999999999999992 0.9999999999999992
0 0.15199115551151526 sum_rule: 0.9999999999999992 0.9999999999999992
10 0.13432081144167285 sum_rule: 0.9999999999999994 0.9999999999999994
20 0.14279141181845556 sum_rule: 1.000000000000001 1.000000000000001
30 0.16448081341925316 sum_rule: 0.9999999999999984 0.9999999999999984
40 0.16032069842256205 sum_rule: 0.999999999999998 0.999999999999998
50 0.14764581767761714 sum_rule: 1.0000000000000053 1.0000000000000053
60 0.13097926831656487 sum_rule: 1.0000000000000004 1.0000000000000004
70 0.11188989109389097 sum_rule: 0.9999999999999989 0.9999999999999989
80 0.09169965087161129 sum_rule: 0.9999999999999994 0.9999999999999994
90 0.07178833675011323 sum_rule: 1.0000000000000013 1.0000000000000013
100 0.053472542381618665 sum_rule: 0.9999999999999959 0.9999999999999959
110 0.03778433606884836 sum_rule: 0.999999999999999 0.999999999999999
120 0.025292695307248057 sum_rule: 1.0000000000000018 1.0000000000000018
130 0.016049043713934896 sum_rule: 0.9999999999999976 0.9999999999999976
140 0.009679182483187705 sum_rule: 1.0000000000000007 1.0000000000000007
150 0.005573128205313885 sum_rule: 1.0000000000000013 1.0000000000000013
160 0.0030812091214222825 sum_rule: 1.0000000000000004 1.0000000000000004
170 0.0016462679504521934 sum_rule: 0.9999999999999972 0.9999999999999972
180 0.0008556343217188264 sum_rule: 0.9999999999999978 0.9999999999999978
190 0.0004352874125200615 sum_rule: 1.0000000000000002 1.0000000000000002
200 0.00021794126549841365 sum_rule: 0.9999999999999997 0.9999999999999997
210 0.00010788183865458921 sum_rule: 0.9999999999999991 0.9999999999999991
220 5.2984108368049167e-05 sum_rule: 0.9999999999999992 0.9999999999999992
230 2.588672673805973e-05 sum_rule: 1.0000000000000016 1.0000000000000016
240 1.2605302482547101e-05 sum_rule: 0.999999999999999 0.999999999999999
0 0.151992013543225 sum_rule: 0.9999999999999992 0.9999999999999992
10 0.12556395146148422 sum_rule: 0.9999999999999989 0.9999999999999989
20 0.13993689956989191 sum_rule: 0.9999999999999999 0.9999999999999999
30 0.16291416074013915 sum_rule: 1.0000000000000018 1.0000000000000018
40 0.15891300010952927 sum_rule: 0.9999999999999987 0.9999999999999987
50 0.14685767663582894 sum_rule: 1.0000000000000027 1.0000000000000027
60 0.13101253551781827 sum_rule: 0.9999999999999997 0.9999999999999997
70 0.11277555318314267 sum_rule: 1.0000000000000002 1.0000000000000002
80 0.09333450753196479 sum_rule: 0.9999999999999997 0.9999999999999997
90 0.07395737504026802 sum_rule: 1.0000000000000016 1.0000000000000016
100 0.05589718184037029 sum_rule: 0.9999999999999971 0.9999999999999971
110 0.04018193778418676 sum_rule: 0.9999999999999984 0.9999999999999984
120 0.027431218882288992 sum_rule: 1.0000000000000016 1.0000000000000016
130 0.01778674466165919 sum_rule: 0.9999999999999973 0.9999999999999973
140 0.010976114598522414 sum_rule: 1.000000000000001 1.000000000000001
150 0.006470246050128282 sum_rule: 0.9999999999999998 0.9999999999999998
160 0.0036620957026908246 sum_rule: 0.9999999999999991 0.9999999999999991
170 0.0020020066432980144 sum_rule: 1.0 1.0
180 0.0010637779901383404 sum_rule: 1.0000000000000013 1.0000000000000013
190 0.0005527411306071236 sum_rule: 1.0000000000000024 1.0000000000000024
200 0.0002823940512308347 sum_rule: 0.9999999999999987 0.9999999999999987
210 0.0001425165171065894 sum_rule: 0.9999999999999997 0.9999999999999997
220 7.13112115660225e-05 sum_rule: 0.9999999999999984 0.9999999999999984
230 3.5477142982689286e-05 sum_rule: 1.000000000000003 1.000000000000003
240 1.758376668235566e-05 sum_rule: 1.0000000000000002 1.0000000000000002
0 0.1519929887641728 sum_rule: 0.9999999999999992 0.9999999999999992
10 0.11745683376504001 sum_rule: 1.0000000000000027 1.0000000000000027
20 0.1371798513061122 sum_rule: 0.9999999999999996 0.9999999999999996
30 0.1611782536329226 sum_rule: 0.9999999999999989 0.9999999999999989
40 0.15735356093374095 sum_rule: 1.0000000000000007 1.0000000000000007
50 0.14594926128884922 sum_rule: 1.0000000000000069 1.0000000000000069
60 0.13094630292955928 sum_rule: 0.9999999999999989 0.9999999999999989
70 0.11359267121862754 sum_rule: 1.0000000000000013 1.0000000000000013
80 0.09494643598521074 sum_rule: 0.9999999999999993 0.9999999999999993
90 0.07615717406423943 sum_rule: 0.9999999999999984 0.9999999999999984
100 0.058401948673337506 sum_rule: 0.9999999999999958 0.9999999999999958
110 0.04269675824005949 sum_rule: 1.0 1.0
120 0.029711263601966183 sum_rule: 1.000000000000001 1.000000000000001
130 0.019677058906760136 sum_rule: 0.9999999999999984 0.9999999999999984
140 0.01242134409380611 sum_rule: 1.0 1.0
150 0.007497057611103869 sum_rule: 0.9999999999999963 0.9999999999999963
160 0.004345707832582302 sum_rule: 0.9999999999999999 0.9999999999999999
170 0.002432357948452378 sum_rule: 1.0000000000000009 1.0000000000000009
180 0.0013223454606189925 sum_rule: 1.000000000000001 1.000000000000001
190 0.0007023540977477231 sum_rule: 0.9999999999999999 0.9999999999999999
200 0.0003664499108703019 sum_rule: 1.0000000000000013 1.0000000000000013
210 0.00018869473418707346 sum_rule: 1.0 1.0
220 9.626209906509807e-05 sum_rule: 0.9999999999999987 0.9999999999999987
230 4.8796088073368556e-05 sum_rule: 1.0000000000000029 1.0000000000000029
240 2.4631445052158038e-05 sum_rule: 0.9999999999999997 0.9999999999999997
0 0.15199410352689008 sum_rule: 0.9999999999999992 0.9999999999999992
10 0.10930647600660465 sum_rule: 1.0000000000000033 1.0000000000000033
20 0.134470313568047 sum_rule: 1.0000000000000009 1.0000000000000009
30 0.1592612649311964 sum_rule: 0.9999999999999982 0.9999999999999982
40 0.15563604116314375 sum_rule: 1.0000000000000002 1.0000000000000002
50 0.14490773823975003 sum_rule: 1.0000000000000056 1.0000000000000056
60 0.1307659122160065 sum_rule: 1.0000000000000009 1.0000000000000009
70 0.11432804543346337 sum_rule: 0.9999999999999996 0.9999999999999996
80 0.09652797317150605 sum_rule: 0.9999999999999989 0.9999999999999989
90 0.07839452101101901 sum_rule: 0.9999999999999979 0.9999999999999979
100 0.06101714110362293 sum_rule: 0.9999999999999952 0.9999999999999952
110 0.04538260518887236 sum_rule: 1.0 1.0
120 0.03219749992845393 sum_rule: 1.0000000000000016 1.0000000000000016
130 0.02178075979077425 sum_rule: 1.0000000000000002 1.0000000000000002
140 0.014064453746160244 sum_rule: 1.0 1.0
150 0.008691634161208151 sum_rule: 0.9999999999999996 0.9999999999999996
160 0.0051606966836377135 sum_rule: 0.9999999999999986 0.9999999999999986
170 0.002958503275978382 sum_rule: 1.0000000000000013 1.0000000000000013
180 0.0016465218938328768 sum_rule: 1.0000000000000016 1.0000000000000016
190 0.0008945839712212846 sum_rule: 1.0000000000000002 1.0000000000000002
200 0.00047701708335728043 sum_rule: 1.0000000000000004 1.0000000000000004
210 0.0002508116521438352 sum_rule: 0.9999999999999991 0.9999999999999991
220 0.0001305469001497707 sum_rule: 0.9999999999999987 0.9999999999999987
230 6.74736931878328e-05 sum_rule: 1.0000000000000033 1.0000000000000033
240 3.471022397210204e-05 sum_rule: 0.9999999999999993 0.9999999999999993
0 0.152087306626329 sum_rule: 0.9999999999999992 0.9999999999999992
10 0.021251420309197463 sum_rule: 0.9999999999999969 0.9999999999999969
20 0.08443677238030842 sum_rule: 0.9999999999999989 0.9999999999999989
30 0.10039758893758648 sum_rule: 1.0 1.0
40 0.10099800384371313 sum_rule: 1.0000000000000018 1.0000000000000018
50 0.10020690204889389 sum_rule: 0.9999999999999993 0.9999999999999993
60 0.09856543387202846 sum_rule: 0.9999999999999991 0.9999999999999991
70 0.0960395623241218 sum_rule: 0.9999999999999991 0.9999999999999991
80 0.09267070080557831 sum_rule: 1.0000000000000002 1.0000000000000002
90 0.08852800725297826 sum_rule: 1.0000000000000004 1.0000000000000004
100 0.08369760344965686 sum_rule: 0.9999999999999982 0.9999999999999982
110 0.078280788416068 sum_rule: 0.9999999999999986 0.9999999999999986
120 0.0723942614783025 sum_rule: 1.0000000000000018 1.0000000000000018
130 0.06616659764974514 sum_rule: 1.0000000000000002 1.0000000000000002
140 0.05973393942572233 sum_rule: 0.9999999999999992 0.9999999999999992
150 0.05323595891821756 sum_rule: 0.9999999999999996 0.9999999999999996
160 0.0468111477208765 sum_rule: 1.0000000000000002 1.0000000000000002
170 0.040591038380829184 sum_rule: 0.9999999999999973 0.9999999999999973
180 0.03469401709820089 sum_rule: 1.0000000000000033 1.0000000000000033
190 0.029219451656266562 sum_rule: 0.9999999999999987 0.9999999999999987
200 0.024242972097843898 sum_rule: 0.9999999999999977 0.9999999999999977
210 0.019813579901163586 sum_rule: 1.0000000000000018 1.0000000000000018
220 0.01595298598416513 sum_rule: 0.9999999999999984 0.9999999999999984
230 0.012657225325157676 sum_rule: 0.9999999999999983 0.9999999999999983
240 0.00990027693811624 sum_rule: 0.9999999999999997 0.9999999999999997
0 0.15341147764867902 sum_rule: 0.9999999999999992 0.9999999999999992
10 0.006815510530196503 sum_rule: 1.000000000000001 1.000000000000001
20 0.025312382412179816 sum_rule: 1.0000000000000004 1.0000000000000004
30 0.031655343259515044 sum_rule: 1.0000000000000033 1.0000000000000033
40 0.03264987359172719 sum_rule: 1.0000000000000007 1.0000000000000007
50 0.03329355542468359 sum_rule: 1.0000000000000018 1.0000000000000018
60 0.03391057171906449 sum_rule: 0.999999999999999 0.999999999999999
70 0.034483185323055734 sum_rule: 0.9999999999999998 0.9999999999999998
80 0.03497674842243369 sum_rule: 0.9999999999999993 0.9999999999999993
90 0.03538917866069039 sum_rule: 0.9999999999999952 0.9999999999999952
100 0.035685434542722154 sum_rule: 0.9999999999999988 0.9999999999999988
110 0.035877007332209485 sum_rule: 1.0000000000000002 1.0000000000000002
120 0.03595682177372592 sum_rule: 1.0000000000000002 1.0000000000000002
130 0.035935873952284494 sum_rule: 0.9999999999999987 0.9999999999999987
140 0.035809187324261596 sum_rule: 1.0000000000000009 1.0000000000000009
150 0.035581065951631165 sum_rule: 1.0000000000000016 1.0000000000000016
160 0.0352586227477577 sum_rule: 0.9999999999999978 0.9999999999999978
170 0.034841792638534444 sum_rule: 0.9999999999999973 0.9999999999999973
180 0.03433715877592942 sum_rule: 1.000000000000002 1.000000000000002
190 0.03374738045675715 sum_rule: 1.000000000000001 1.000000000000001
200 0.033079957431804294 sum_rule: 0.9999999999999978 0.9999999999999978
210 0.03233815421017149 sum_rule: 1.0000000000000002 1.0000000000000002
220 0.03152787838893849 sum_rule: 0.9999999999999992 0.9999999999999992
230 0.030656367766779387 sum_rule: 1.0000000000000002 1.0000000000000002
240 0.029728246320436007 sum_rule: 0.9999999999999987 0.9999999999999987
0 0.1531459920584231 sum_rule: 0.9999999999999992 0.9999999999999992
10 0.007561591888995111 sum_rule: 0.9999999999999993 0.9999999999999993
20 0.02905881190557324 sum_rule: 0.9999999999999989 0.9999999999999989
30 0.035999182880196184 sum_rule: 0.9999999999999993 0.9999999999999993
40 0.03707881613455066 sum_rule: 0.9999999999999996 0.9999999999999996
50 0.037800876851382476 sum_rule: 1.000000000000002 1.000000000000002
60 0.03847123450347305 sum_rule: 0.9999999999999996 0.9999999999999996
70 0.03906722658896784 sum_rule: 1.0000000000000022 1.0000000000000022
80 0.03955656674175907 sum_rule: 1.0000000000000024 1.0000000000000024
90 0.0399159146993859 sum_rule: 0.9999999999999993 0.9999999999999993
100 0.04014385691180495 sum_rule: 1.0000000000000049 1.0000000000000049
110 0.04023366073836125 sum_rule: 1.0000000000000002 1.0000000000000002
120 0.04019382399268108 sum_rule: 0.9999999999999963 0.9999999999999963
130 0.04001945599217087 sum_rule: 0.9999999999999996 0.9999999999999996
140 0.03972109875024577 sum_rule: 1.0000000000000029 1.0000000000000029
150 0.03930178869808569 sum_rule: 1.0000000000000016 1.0000000000000016
160 0.038768415996138485 sum_rule: 0.9999999999999997 0.9999999999999997
170 0.03812597168369161 sum_rule: 0.9999999999999982 0.9999999999999982
180 0.03738124965456781 sum_rule: 0.9999999999999992 0.9999999999999992
190 0.036540409202670196 sum_rule: 0.9999999999999993 0.9999999999999993
200 0.035610798778045946 sum_rule: 1.0000000000000009 1.0000000000000009
210 0.03460063490511736 sum_rule: 0.9999999999999988 0.9999999999999988
220 0.03351762626907089 sum_rule: 0.9999999999999982 0.9999999999999982
230 0.03237012317265088 sum_rule: 1.0000000000000004 1.0000000000000004
240 0.031166275330796363 sum_rule: 1.0000000000000002 1.0000000000000002
0 0.15377789502827677 sum_rule: 0.9999999999999992 0.9999999999999992
10 0.006078475015079611 sum_rule: 1.0000000000000022 1.0000000000000022
20 0.021502180312666645 sum_rule: 1.0 1.0
30 0.02710917025134897 sum_rule: 0.9999999999999956 0.9999999999999956
40 0.027983306173285184 sum_rule: 0.9999999999999964 0.9999999999999964
50 0.028537806892173258 sum_rule: 1.0000000000000033 1.0000000000000033
60 0.02907311581314854 sum_rule: 1.0000000000000018 1.0000000000000018
70 0.02959180220820678 sum_rule: 0.9999999999999998 0.9999999999999998
80 0.030078104817657922 sum_rule: 1.0 1.0
90 0.030495689538397847 sum_rule: 0.9999999999999999 0.9999999999999999
100 0.030840370182944853 sum_rule: 1.0 1.0
110 0.031103296180667508 sum_rule: 0.9999999999999956 0.9999999999999956
120 0.0312800543168349 sum_rule: 1.000000000000002 1.000000000000002
130 0.03138035609062734 sum_rule: 0.9999999999999976 0.9999999999999976
140 0.031397526295356463 sum_rule: 0.9999999999999997 0.9999999999999997
150 0.03133417991592665 sum_rule: 0.9999999999999989 0.9999999999999989
160 0.031191898555698296 sum_rule: 0.9999999999999998 0.9999999999999998
170 0.030975666868147067 sum_rule: 0.9999999999999983 0.9999999999999983
180 0.030685463788664966 sum_rule: 1.0000000000000004 1.0000000000000004
190 0.030326118923464936 sum_rule: 1.0 1.0
200 0.029899035215723305 sum_rule: 0.9999999999999968 0.9999999999999968
210 0.029409201604684364 sum_rule: 1.000000000000002 1.000000000000002
220 0.028857919694054233 sum_rule: 1.0 1.0
230 0.02825145214132168 sum_rule: 1.0000000000000002 1.0000000000000002
240 0.027592198605075183 sum_rule: 1.0000000000000004 1.0000000000000004
0 0.1520095049300014 sum_rule: 0.9999999999999992 0.9999999999999992
10 0.06080418826844786 sum_rule: 1.0000000000000029 1.0000000000000029
20 0.11437279711351214 sum_rule: 0.9999999999999992 0.9999999999999992
30 0.13934356588093494 sum_rule: 1.0000000000000009 1.0000000000000009
40 0.1378279521851056 sum_rule: 1.0 1.0
50 0.13215946291867925 sum_rule: 1.0000000000000024 1.0000000000000024
60 0.12436712861424908 sum_rule: 1.0000000000000007 1.0000000000000007
70 0.11485714474965115 sum_rule: 0.9999999999999974 0.9999999999999974
80 0.10395365051972551 sum_rule: 1.0000000000000002 1.0000000000000002
90 0.09202478771083387 sum_rule: 0.999999999999997 0.999999999999997
100 0.07950248098392705 sum_rule: 0.9999999999999957 0.9999999999999957
110 0.06688046239842162 sum_rule: 0.9999999999999997 0.9999999999999997
120 0.054676949499613235 sum_rule: 1.0000000000000022 1.0000000000000022
130 0.04337118716878394 sum_rule: 1.0000000000000004 1.0000000000000004
140 0.03334281921304016 sum_rule: 0.9999999999999988 0.9999999999999988
150 0.024829788326613558 sum_rule: 1.0000000000000009 1.0000000000000009
160 0.017913218426793137 sum_rule: 1.0000000000000004 1.0000000000000004
170 0.012530882415126595 sum_rule: 0.9999999999999993 0.9999999999999993
180 0.008513142706163282 sum_rule: 0.9999999999999998 0.9999999999999998
190 0.005629594181132243 sum_rule: 0.9999999999999996 0.9999999999999996
200 0.003633728996345927 sum_rule: 1.0 1.0
210 0.002296575845445869 sum_rule: 1.0000000000000018 1.0000000000000018
220 0.0014259185307614493 sum_rule: 1.0000000000000024 1.0000000000000024
230 0.0008725861681846845 sum_rule: 1.0000000000000053 1.0000000000000053
240 0.0005278867511430483 sum_rule: 0.9999999999999999 0.9999999999999999
0 0.15201385311426574 sum_rule: 0.9999999999999992 0.9999999999999992
10 0.05574088347267811 sum_rule: 1.0000000000000018 1.0000000000000018
20 0.1113699087648922 sum_rule: 0.9999999999999994 0.9999999999999994
30 0.13527330594872272 sum_rule: 1.0000000000000022 1.0000000000000022
40 0.13414143884337476 sum_rule: 0.9999999999999996 0.9999999999999996
50 0.12921231250270232 sum_rule: 0.9999999999999992 0.9999999999999992
60 0.12233570481222054 sum_rule: 1.0000000000000013 1.0000000000000013
70 0.11384806487935167 sum_rule: 1.0000000000000002 1.0000000000000002
80 0.10401748062518776 sum_rule: 0.9999999999999997 0.9999999999999997
90 0.09314805923294095 sum_rule: 0.999999999999998 0.999999999999998
100 0.08159762411170375 sum_rule: 0.999999999999996 0.999999999999996
110 0.06978430602086684 sum_rule: 1.0000000000000007 1.0000000000000007
120 0.05816013602355605 sum_rule: 1.0000000000000038 1.0000000000000038
130 0.047163711147989035 sum_rule: 0.9999999999999999 0.9999999999999999
140 0.03716953570712834 sum_rule: 0.9999999999999994 0.9999999999999994
150 0.028447279131226282 sum_rule: 1.0000000000000018 1.0000000000000018
160 0.02113894740593269 sum_rule: 0.9999999999999997 0.9999999999999997
170 0.015257937853827619 sum_rule: 1.0000000000000007 1.0000000000000007
180 0.01070869983590209 sum_rule: 0.9999999999999994 0.9999999999999994
190 0.007320354510808397 sum_rule: 1.0000000000000018 1.0000000000000018
200 0.0048847543987857005 sum_rule: 0.9999999999999996 0.9999999999999996
210 0.00319014973268226 sum_rule: 1.0000000000000009 1.0000000000000009
220 0.002044999066449833 sum_rule: 1.0000000000000036 1.0000000000000036
230 0.0012905755799367733 sum_rule: 1.0000000000000018 1.0000000000000018
240 0.0008041584554787382 sum_rule: 1.0000000000000022 1.0000000000000022
0 0.1520262120524349 sum_rule: 0.9999999999999992 0.9999999999999992
10 0.04520575553458344 sum_rule: 1.0000000000000016 1.0000000000000016
20 0.10549735657680293 sum_rule: 1.0000000000000016 1.0000000000000016
30 0.1258704556794875 sum_rule: 0.9999999999999998 0.9999999999999998
40 0.12549917973065577 sum_rule: 1.000000000000001 1.000000000000001
50 0.12203631933320595 sum_rule: 0.9999999999999982 0.9999999999999982
60 0.11697698475735241 sum_rule: 1.0000000000000016 1.0000000000000016
70 0.11053598955870332 sum_rule: 0.9999999999999972 0.9999999999999972
80 0.10287939557832902 sum_rule: 1.0000000000000018 1.0000000000000018
90 0.0942076860033503 sum_rule: 0.9999999999999983 0.9999999999999983
100 0.08476048174985003 sum_rule: 0.999999999999996 0.999999999999996
110 0.07482038406751461 sum_rule: 1.000000000000001 1.000000000000001
120 0.06470758953311373 sum_rule: 1.0000000000000022 1.0000000000000022
130 0.05475667151211169 sum_rule: 1.0000000000000009 1.0000000000000009
140 0.045286593562642655 sum_rule: 1.0000000000000007 1.0000000000000007
150 0.03657230942385382 sum_rule: 0.9999999999999991 0.9999999999999991
160 0.028821347375233664 sum_rule: 0.9999999999999998 0.9999999999999998
170 0.022158804718443573 sum_rule: 1.0000000000000007 1.0000000000000007
180 0.01662362903832374 sum_rule: 1.0000000000000002 1.0000000000000002
190 0.012176704029573798 sum_rule: 0.9999999999999998 0.9999999999999998
200 0.00871835770353006 sum_rule: 1.000000000000001 1.000000000000001
210 0.006110863887397253 sum_rule: 1.0000000000000009 1.0000000000000009
220 0.004200996486680222 sum_rule: 1.0000000000000007 1.0000000000000007
230 0.0028386947808188966 sum_rule: 1.0000000000000044 1.0000000000000044
240 0.0018897473845323814 sum_rule: 1.000000000000001 1.000000000000001
0 0.15201929008329274 sum_rule: 0.9999999999999992 0.9999999999999992
10 0.05068207108900542 sum_rule: 1.0000000000000007 1.0000000000000007
20 0.1085051779372157 sum_rule: 0.9999999999999986 0.9999999999999986
30 0.1307955937781181 sum_rule: 1.0 1.0
40 0.13005081432371454 sum_rule: 1.0000000000000016 1.0000000000000016
50 0.12585897349980849 sum_rule: 0.9999999999999979 0.9999999999999979
60 0.11989431755572187 sum_rule: 1.0000000000000004 1.0000000000000004
70 0.11243112919566534 sum_rule: 0.9999999999999998 0.9999999999999998
80 0.10368473850055902 sum_rule: 1.0000000000000016 1.0000000000000016
90 0.09390257883397726 sum_rule: 0.9999999999999997 0.9999999999999997
100 0.08337924872146665 sum_rule: 0.9999999999999954 0.9999999999999954
110 0.07246222668985235 sum_rule: 1.0000000000000002 1.0000000000000002
120 0.06153649680244182 sum_rule: 1.0000000000000013 1.0000000000000013
130 0.05099091593126863 sum_rule: 1.0000000000000013 1.0000000000000013
140 0.041178522284547825 sum_rule: 1.0000000000000016 1.0000000000000016
150 0.03238089119389939 sum_rule: 1.0 1.0
160 0.024782808606776875 sum_rule: 0.9999999999999993 0.9999999999999993
170 0.01846176220267001 sum_rule: 0.9999999999999996 0.9999999999999996
180 0.01339391687267921 sum_rule: 1.0000000000000007 1.0000000000000007
190 0.009474198847844761 sum_rule: 1.000000000000002 1.000000000000002
200 0.006544706047065866 sum_rule: 1.0000000000000018 1.0000000000000018
210 0.0044244018373887205 sum_rule: 1.0000000000000018 1.0000000000000018
220 0.0029341585585662224 sum_rule: 1.000000000000001 1.000000000000001
230 0.0019138582654915405 sum_rule: 1.0000000000000018 1.0000000000000018
240 0.0012310831392991818 sum_rule: 1.000000000000001 1.000000000000001
0 0.15198457291760256 sum_rule: 0.9999999999999992 0.9999999999999992
10 0.23574555381616064 sum_rule: 1.000000000000002 1.000000000000002
20 0.19424289966770966 sum_rule: 0.9999999999999984 0.9999999999999984
30 0.17497442302242305 sum_rule: 0.9999999999999987 0.9999999999999987
40 0.16643351985361576 sum_rule: 1.0000000000000009 1.0000000000000009
50 0.1448847502888231 sum_rule: 0.9999999999999986 0.9999999999999986
60 0.11638375470581469 sum_rule: 1.0000000000000009 1.0000000000000009
70 0.08609131557120842 sum_rule: 0.9999999999999962 0.9999999999999962
80 0.05834800726386817 sum_rule: 1.0000000000000007 1.0000000000000007
90 0.03613135848653582 sum_rule: 0.9999999999999993 0.9999999999999993
100 0.020466281245894016 sum_rule: 0.9999999999999966 0.9999999999999966
110 0.010661821407629788 sum_rule: 0.9999999999999978 0.9999999999999978
120 0.005153895217046518 sum_rule: 1.000000000000002 1.000000000000002
130 0.0023377365932356056 sum_rule: 0.9999999999999973 0.9999999999999973
140 0.0010069397028020263 sum_rule: 0.9999999999999964 0.9999999999999964
150 0.00041664502381179086 sum_rule: 0.9999999999999998 0.9999999999999998
160 0.00016731464215258008 sum_rule: 0.9999999999999991 0.9999999999999991
170 6.576603539844597e-05 sum_rule: 1.0 1.0
180 2.5471790970724367e-05 sum_rule: 1.0000000000000029 1.0000000000000029
190 9.769005185341362e-06 sum_rule: 0.9999999999999983 0.9999999999999983
200 3.722963040201645e-06 sum_rule: 0.9999999999999976 0.9999999999999976
210 1.4131895176564021e-06 sum_rule: 1.0000000000000027 1.0000000000000027
220 5.351245340192947e-07 sum_rule: 0.999999999999998 0.999999999999998
230 2.0233702213718217e-07 sum_rule: 1.000000000000002 1.000000000000002
240 7.644031284111116e-08 sum_rule: 1.0000000000000002 1.0000000000000002
0 0.1519844242360212 sum_rule: 0.9999999999999992 0.9999999999999992
10 0.2376483435609965 sum_rule: 1.0000000000000007 1.0000000000000007
20 0.19649155435146592 sum_rule: 0.9999999999999976 0.9999999999999976
30 0.1749904912426557 sum_rule: 0.999999999999999 0.999999999999999
40 0.1660389017985513 sum_rule: 1.0000000000000004 1.0000000000000004
50 0.14411214904253253 sum_rule: 0.9999999999999993 0.9999999999999993
60 0.11513042950523432 sum_rule: 1.0000000000000018 1.0000000000000018
70 0.0844885418546243 sum_rule: 0.9999999999999973 0.9999999999999973
80 0.05667231701814529 sum_rule: 0.9999999999999992 0.9999999999999992
90 0.03466079106850693 sum_rule: 1.000000000000002 1.000000000000002
100 0.019361242921529735 sum_rule: 0.9999999999999982 0.9999999999999982
110 0.009937282386087072 sum_rule: 0.9999999999999998 0.9999999999999998
120 0.00473122607221584 sum_rule: 1.0000000000000007 1.0000000000000007
130 0.0021139728338262134 sum_rule: 0.9999999999999972 0.9999999999999972
140 0.0008973629848763622 sum_rule: 0.9999999999999968 0.9999999999999968
150 0.0003661407423066221 sum_rule: 1.0000000000000007 1.0000000000000007
160 0.0001450759385058551 sum_rule: 0.9999999999999977 0.9999999999999977
170 5.6295791617008316e-05 sum_rule: 1.0000000000000009 1.0000000000000009
180 2.153446245207477e-05 sum_rule: 1.0000000000000022 1.0000000000000022
190 8.159513453886141e-06 sum_rule: 0.9999999999999994 0.9999999999999994
200 3.072830233672973e-06 sum_rule: 1.0000000000000002 1.0000000000000002
210 1.1527881324414248e-06 sum_rule: 0.9999999999999993 0.9999999999999993
220 4.3146220160959946e-07 sum_rule: 0.9999999999999987 0.9999999999999987
230 1.6125966370081243e-07 sum_rule: 1.0000000000000027 1.0000000000000027
240 6.022114877511838e-08 sum_rule: 1.000000000000002 1.000000000000002
0 0.15198428547631349 sum_rule: 0.9999999999999992 0.9999999999999992
10 0.23946440440088337 sum_rule: 1.0000000000000022 1.0000000000000022
20 0.19870912453300707 sum_rule: 1.0000000000000027 1.0000000000000027
30 0.17499539406266695 sum_rule: 1.0000000000000024 1.0000000000000024
40 0.16559198257881694 sum_rule: 0.9999999999999989 0.9999999999999989
50 0.14330222341273605 sum_rule: 0.9999999999999992 0.9999999999999992
60 0.11386195383637684 sum_rule: 1.0000000000000027 1.0000000000000027
70 0.08289856572208727 sum_rule: 0.9999999999999988 0.9999999999999988
80 0.05503743426890596 sum_rule: 0.9999999999999999 0.9999999999999999
90 0.033249665909334085 sum_rule: 1.0000000000000022 1.0000000000000022
100 0.0183189979598918 sum_rule: 0.9999999999999972 0.9999999999999972
110 0.009265873736088732 sum_rule: 0.9999999999999989 0.9999999999999989
120 0.004346374037594126 sum_rule: 1.0000000000000004 1.0000000000000004
130 0.0019136701988661754 sum_rule: 0.9999999999999987 0.9999999999999987
140 0.0008008500259076314 sum_rule: 0.9999999999999978 0.9999999999999978
150 0.00032232948670919985 sum_rule: 1.0000000000000004 1.0000000000000004
160 0.00012605790882495703 sum_rule: 0.9999999999999991 0.9999999999999991
170 4.830534427965469e-05 sum_rule: 1.0000000000000013 1.0000000000000013
180 1.8254653055476475e-05 sum_rule: 1.0000000000000016 1.0000000000000016
190 6.835225992637704e-06 sum_rule: 0.999999999999999 0.999999999999999
200 2.5442782625430905e-06 sum_rule: 0.9999999999999999 0.9999999999999999
210 9.435616534027028e-07 sum_rule: 0.9999999999999992 0.9999999999999992
220 3.4913526072979604e-07 sum_rule: 1.0000000000000002 1.0000000000000002
230 1.290113346944222e-07 sum_rule: 0.9999999999999996 0.9999999999999996
240 4.763369838974554e-08 sum_rule: 1.0000000000000009 1.0000000000000009
